<?xml version="1.0" encoding="UTF-8"?>
<!-- Generated by org.testng.reporters.JUnitXMLReporter -->
<testsuite hostname="qsp" ignored="0" name="Test" tests="1" failures="1" timestamp="17 Oct 2017 04:24:37 GMT" time="0.014" errors="0">
  <testcase name="a" time="0.0" classname="demo.encap">
    <failure type="org.testng.TestNGException" message="
Cannot inject @Test annotated Method [a] with [interface org.testng.ITestResult].
For more information on native dependency injection please refer to http://testng.org/doc/documentation-main.html#native-dependency-injection">
      <![CDATA[org.testng.TestNGException: 
For more information on native dependency injection please refer to http://testng.org/doc/documentation-main.html#native-dependency-injection
... Removed 25 stack frames]]>
    </failure>
  </testcase> <!-- a -->
</testsuite> <!-- Test -->
